Determining if the pthread_create exist failed with the following output:
Change Dir: /home/mario/simulador/TMR-2021-AutoModelCar/catkin_ws/build/CMakeFiles/CMakeTmp

Run Build Command:"/usr/bin/make" "cmTC_9d3d3/fast"
/usr/bin/make -f CMakeFiles/cmTC_9d3d3.dir/build.make CMakeFiles/cmTC_9d3d3.dir/build
make[1]: se entra en el directorio '/home/mario/simulador/TMR-2021-AutoModelCar/catkin_ws/build/CMakeFiles/CMakeTmp'
Building C object CMakeFiles/cmTC_9d3d3.dir/CheckSymbolExists.c.o
/usr/bin/cc    -o CMakeFiles/cmTC_9d3d3.dir/CheckSymbolExists.c.o   -c /home/mario/simulador/TMR-2021-AutoModelCar/catkin_ws/build/CMakeFiles/CMakeTmp/CheckSymbolExists.c
Linking C executable cmTC_9d3d3
/usr/bin/cmake -E cmake_link_script CMakeFiles/cmTC_9d3d3.dir/link.txt --verbose=1
/usr/bin/cc      -rdynamic CMakeFiles/cmTC_9d3d3.dir/CheckSymbolExists.c.o  -o cmTC_9d3d3 
CMakeFiles/cmTC_9d3d3.dir/CheckSymbolExists.c.o: En la función `main':
CheckSymbolExists.c:(.text+0x1b): referencia a `pthread_create' sin definir
collect2: error: ld returned 1 exit status
CMakeFiles/cmTC_9d3d3.dir/build.make:97: fallo en las instrucciones para el objetivo 'cmTC_9d3d3'
make[1]: *** [cmTC_9d3d3] Error 1
make[1]: se sale del directorio '/home/mario/simulador/TMR-2021-AutoModelCar/catkin_ws/build/CMakeFiles/CMakeTmp'
Makefile:126: fallo en las instrucciones para el objetivo 'cmTC_9d3d3/fast'
make: *** [cmTC_9d3d3/fast] Error 2

File /home/mario/simulador/TMR-2021-AutoModelCar/catkin_ws/build/CMakeFiles/CMakeTmp/CheckSymbolExists.c:
/* */
#include <pthread.h>

int main(int argc, char** argv)
{
  (void)argv;
#ifndef pthread_create
  return ((int*)(&pthread_create))[argc];
#else
  (void)argc;
  return 0;
#endif
}

Determining if the function pthread_create exists in the pthreads failed with the following output:
Change Dir: /home/mario/simulador/TMR-2021-AutoModelCar/catkin_ws/build/CMakeFiles/CMakeTmp

Run Build Command:"/usr/bin/make" "cmTC_63534/fast"
/usr/bin/make -f CMakeFiles/cmTC_63534.dir/build.make CMakeFiles/cmTC_63534.dir/build
make[1]: se entra en el directorio '/home/mario/simulador/TMR-2021-AutoModelCar/catkin_ws/build/CMakeFiles/CMakeTmp'
Building C object CMakeFiles/cmTC_63534.dir/CheckFunctionExists.c.o
/usr/bin/cc   -DCHECK_FUNCTION_EXISTS=pthread_create   -o CMakeFiles/cmTC_63534.dir/CheckFunctionExists.c.o   -c /usr/share/cmake-3.10/Modules/CheckFunctionExists.c
Linking C executable cmTC_63534
/usr/bin/cmake -E cmake_link_script CMakeFiles/cmTC_63534.dir/link.txt --verbose=1
/usr/bin/cc  -DCHECK_FUNCTION_EXISTS=pthread_create    -rdynamic CMakeFiles/cmTC_63534.dir/CheckFunctionExists.c.o  -o cmTC_63534 -lpthreads 
/usr/bin/ld: no se puede encontrar -lpthreads
collect2: error: ld returned 1 exit status
CMakeFiles/cmTC_63534.dir/build.make:97: fallo en las instrucciones para el objetivo 'cmTC_63534'
make[1]: *** [cmTC_63534] Error 1
make[1]: se sale del directorio '/home/mario/simulador/TMR-2021-AutoModelCar/catkin_ws/build/CMakeFiles/CMakeTmp'
Makefile:126: fallo en las instrucciones para el objetivo 'cmTC_63534/fast'
make: *** [cmTC_63534/fast] Error 2


